<?xml version="1.0" encoding="UTF-8"?>
<testsuite xmlns:xsi="http://www.w3.org/2001/XMLSchema-instance" xsi:noNamespaceSchemaLocation="https://maven.apache.org/surefire/maven-surefire-plugin/xsd/surefire-test-report-3.0.xsd" version="3.0" name="com.gym.app.GymApplicationTests" time="3.607" tests="1" errors="0" skipped="0" failures="0">
  <properties>
[...]
</properties>
  <testcase name="contextLoads" classname="com.gym.app.GymApplicationTests" time="0.829">
    <system-out><![CDATA[08:30:31.311 [main] INFO org.springframework.test.context.support.AnnotationConfigContextLoaderUtils -- Could not detect default configuration classes for test class [com.gym.app.GymApplicationTests]: GymApplicationTests does not declare any static, non-private, non-final, nested classes annotated with @Configuration.
08:30:31.393 [main] INFO org.springframework.boot.test.context.SpringBootTestContextBootstrapper -- Found @SpringBootConfiguration com.gym.app.GymApplication for test class com.gym.app.GymApplicationTests
08:30:31.532 [main] INFO org.springframework.boot.devtools.restart.RestartApplicationListener -- Restart disabled due to context in which it is running

  .   ____          _            __ _ _
 /\\ / ___'_ __ _ _(_)_ __  __ _ \ \ \ \
( ( )\___ | '_ | '_| | '_ \/ _` | \ \ \ \
 \\/  ___)| |_)| | | | | || (_| |  ) ) ) )
  '  |____| .__|_| |_|_| |_\__, | / / / /
 =========|_|==============|___/=/_/_/_/

 :: Spring Boot ::                (v3.3.5)

2024-11-26T08:30:31.766-05:00  INFO 27008 --- [Gym] [           main] com.gym.app.GymApplicationTests          : Starting GymApplicationTests using Java 21.0.4 with PID 27008 (started by ADMIN in D:\Spring\Gym)
2024-11-26T08:30:31.767-05:00  INFO 27008 --- [Gym] [           main] com.gym.app.GymApplicationTests          : No active profile set, falling back to 1 default profile: "default"
2024-11-26T08:30:32.378-05:00  INFO 27008 --- [Gym] [           main] .s.d.r.c.RepositoryConfigurationDelegate : Bootstrapping Spring Data MongoDB repositories in DEFAULT mode.
2024-11-26T08:30:32.436-05:00  INFO 27008 --- [Gym] [           main] .s.d.r.c.RepositoryConfigurationDelegate : Finished Spring Data repository scanning in 52 ms. Found 6 MongoDB repository interfaces.
2024-11-26T08:30:32.876-05:00  INFO 27008 --- [Gym] [           main] org.mongodb.driver.client                : MongoClient with metadata {"driver": {"name": "mongo-java-driver|sync|spring-boot", "version": "5.0.1"}, "os": {"type": "Windows", "name": "Windows 10", "architecture": "amd64", "version": "10.0"}, "platform": "Java/Eclipse Adoptium/21.0.4+7-LTS"} created with settings MongoClientSettings{readPreference=primary, writeConcern=WriteConcern{w=majority, wTimeout=null ms, journal=null}, retryWrites=true, retryReads=true, readConcern=ReadConcern{level=null}, credential=MongoCredential{mechanism=null, userName='luzbd', source='admin', password=<hidden>, mechanismProperties=<hidden>}, transportSettings=null, commandListeners=[], codecRegistry=ProvidersCodecRegistry{codecProviders=[ValueCodecProvider{}, BsonValueCodecProvider{}, DBRefCodecProvider{}, DBObjectCodecProvider{}, DocumentCodecProvider{}, CollectionCodecProvider{}, IterableCodecProvider{}, MapCodecProvider{}, GeoJsonCodecProvider{}, GridFSFileCodecProvider{}, Jsr310CodecProvider{}, JsonObjectCodecProvider{}, BsonCodecProvider{}, EnumCodecProvider{}, com.mongodb.client.model.mql.ExpressionCodecProvider@35dece42, com.mongodb.Jep395RecordCodecProvider@dd3f8aa, com.mongodb.KotlinCodecProvider@3d615b2e]}, loggerSettings=LoggerSettings{maxDocumentLength=1000}, clusterSettings={hosts=[127.0.0.1:27017], srvHost=cluster0.2onqi.mongodb.net, srvServiceName=mongodb, mode=MULTIPLE, requiredClusterType=REPLICA_SET, requiredReplicaSetName='atlas-ggzu2x-shard-0', serverSelector='null', clusterListeners='[]', serverSelectionTimeout='30000 ms', localThreshold='15 ms'}, socketSettings=SocketSettings{connectTimeoutMS=10000, readTimeoutMS=0, receiveBufferSize=0, proxySettings=ProxySettings{host=null, port=null, username=null, password=null}}, heartbeatSocketSettings=SocketSettings{connectTimeoutMS=10000, readTimeoutMS=10000, receiveBufferSize=0, proxySettings=ProxySettings{host=null, port=null, username=null, password=null}}, connectionPoolSettings=ConnectionPoolSettings{maxSize=100, minSize=0, maxWaitTimeMS=120000, maxConnectionLifeTimeMS=0, maxConnectionIdleTimeMS=0, maintenanceInitialDelayMS=0, maintenanceFrequencyMS=60000, connectionPoolListeners=[], maxConnecting=2}, serverSettings=ServerSettings{heartbeatFrequencyMS=10000, minHeartbeatFrequencyMS=500, serverListeners='[]', serverMonitorListeners='[]'}, sslSettings=SslSettings{enabled=true, invalidHostNameAllowed=false, context=null}, applicationName='null', compressorList=[], uuidRepresentation=JAVA_LEGACY, serverApi=null, autoEncryptionSettings=null, dnsClient=null, inetAddressResolver=null, contextProvider=null}
2024-11-26T08:30:32.890-05:00  INFO 27008 --- [Gym] [nqi.mongodb.net] org.mongodb.driver.cluster               : Adding discovered server cluster0-shard-00-02.2onqi.mongodb.net:27017 to client view of cluster
2024-11-26T08:30:32.919-05:00  INFO 27008 --- [Gym] [nqi.mongodb.net] org.mongodb.driver.cluster               : Adding discovered server cluster0-shard-00-00.2onqi.mongodb.net:27017 to client view of cluster
2024-11-26T08:30:32.921-05:00  INFO 27008 --- [Gym] [nqi.mongodb.net] org.mongodb.driver.cluster               : Adding discovered server cluster0-shard-00-01.2onqi.mongodb.net:27017 to client view of cluster
2024-11-26T08:30:33.494-05:00  INFO 27008 --- [Gym] [           main] o.s.b.a.w.s.WelcomePageHandlerMapping    : Adding welcome page template: index
2024-11-26T08:30:33.819-05:00  INFO 27008 --- [Gym] [ngodb.net:27017] org.mongodb.driver.cluster               : Monitor thread successfully connected to server with description ServerDescription{address=cluster0-shard-00-00.2onqi.mongodb.net:27017, type=REPLICA_SET_SECONDARY, state=CONNECTED, ok=true, minWireVersion=0, maxWireVersion=25, maxDocumentSize=16777216, logicalSessionTimeoutMinutes=30, roundTripTimeNanos=575585200, setName='atlas-ggzu2x-shard-0', canonicalAddress=cluster0-shard-00-00.2onqi.mongodb.net:27017, hosts=[cluster0-shard-00-01.2onqi.mongodb.net:27017, cluster0-shard-00-02.2onqi.mongodb.net:27017, cluster0-shard-00-00.2onqi.mongodb.net:27017], passives=[], arbiters=[], primary='cluster0-shard-00-02.2onqi.mongodb.net:27017', tagSet=TagSet{[Tag{name='availabilityZone', value='southamerica-east1-a'}, Tag{name='diskState', value='READY'}, Tag{name='nodeType', value='ELECTABLE'}, Tag{name='provider', value='GCP'}, Tag{name='region', value='SOUTH_AMERICA_EAST_1'}, Tag{name='workloadType', value='OPERATIONAL'}]}, electionId=null, setVersion=12, topologyVersion=TopologyVersion{processId=673b622d4254131261606a3b, counter=5}, lastWriteDate=Tue Nov 26 08:30:33 COT 2024, lastUpdateTimeNanos=122981145557700}
2024-11-26T08:30:33.820-05:00  INFO 27008 --- [Gym] [ngodb.net:27017] org.mongodb.driver.cluster               : Monitor thread successfully connected to server with description ServerDescription{address=cluster0-shard-00-02.2onqi.mongodb.net:27017, type=REPLICA_SET_PRIMARY, state=CONNECTED, ok=true, minWireVersion=0, maxWireVersion=25, maxDocumentSize=16777216, logicalSessionTimeoutMinutes=30, roundTripTimeNanos=575585600, setName='atlas-ggzu2x-shard-0', canonicalAddress=cluster0-shard-00-02.2onqi.mongodb.net:27017, hosts=[cluster0-shard-00-01.2onqi.mongodb.net:27017, cluster0-shard-00-02.2onqi.mongodb.net:27017, cluster0-shard-00-00.2onqi.mongodb.net:27017], passives=[], arbiters=[], primary='cluster0-shard-00-02.2onqi.mongodb.net:27017', tagSet=TagSet{[Tag{name='availabilityZone', value='southamerica-east1-c'}, Tag{name='diskState', value='READY'}, Tag{name='nodeType', value='ELECTABLE'}, Tag{name='provider', value='GCP'}, Tag{name='region', value='SOUTH_AMERICA_EAST_1'}, Tag{name='workloadType', value='OPERATIONAL'}]}, electionId=7fffffff00000000000000a1, setVersion=12, topologyVersion=TopologyVersion{processId=673b62602de0125094c5f8c8, counter=7}, lastWriteDate=Tue Nov 26 08:30:33 COT 2024, lastUpdateTimeNanos=122981145557800}
2024-11-26T08:30:33.820-05:00  INFO 27008 --- [Gym] [ngodb.net:27017] org.mongodb.driver.cluster               : Monitor thread successfully connected to server with description ServerDescription{address=cluster0-shard-00-01.2onqi.mongodb.net:27017, type=REPLICA_SET_SECONDARY, state=CONNECTED, ok=true, minWireVersion=0, maxWireVersion=25, maxDocumentSize=16777216, logicalSessionTimeoutMinutes=30, roundTripTimeNanos=575585500, setName='atlas-ggzu2x-shard-0', canonicalAddress=cluster0-shard-00-01.2onqi.mongodb.net:27017, hosts=[cluster0-shard-00-01.2onqi.mongodb.net:27017, cluster0-shard-00-02.2onqi.mongodb.net:27017, cluster0-shard-00-00.2onqi.mongodb.net:27017], passives=[], arbiters=[], primary='cluster0-shard-00-02.2onqi.mongodb.net:27017', tagSet=TagSet{[Tag{name='availabilityZone', value='southamerica-east1-b'}, Tag{name='diskState', value='READY'}, Tag{name='nodeType', value='ELECTABLE'}, Tag{name='provider', value='GCP'}, Tag{name='region', value='SOUTH_AMERICA_EAST_1'}, Tag{name='workloadType', value='OPERATIONAL'}]}, electionId=null, setVersion=12, topologyVersion=TopologyVersion{processId=673b6294a6117329f622bc2f, counter=4}, lastWriteDate=Tue Nov 26 08:30:33 COT 2024, lastUpdateTimeNanos=122981145557600}
2024-11-26T08:30:33.823-05:00  INFO 27008 --- [Gym] [ngodb.net:27017] org.mongodb.driver.cluster               : Discovered replica set primary cluster0-shard-00-02.2onqi.mongodb.net:27017 with max election id 7fffffff00000000000000a1 and max set version 12
2024-11-26T08:30:33.930-05:00  INFO 27008 --- [Gym] [           main] com.gym.app.GymApplicationTests          : Started GymApplicationTests in 2.408 seconds (process running for 3.325)
]]></system-out>
    <system-err><![CDATA[WARNING: A Java agent has been loaded dynamically (C:\Users\ADMIN\.m2\repository\net\bytebuddy\byte-buddy-agent\1.14.19\byte-buddy-agent-1.14.19.jar)
WARNING: If a serviceability tool is in use, please run with -XX:+EnableDynamicAgentLoading to hide this warning
WARNING: If a serviceability tool is not in use, please run with -Djdk.instrument.traceUsage for more information
WARNING: Dynamic loading of agents will be disallowed by default in a future release
]]></system-err>
  </testcase>
</testsuite>